
  .   ____          _            __ _ _
 /\\ / ___'_ __ _ _(_)_ __  __ _ \ \ \ \
( ( )\___ | '_ | '_| | '_ \/ _` | \ \ \ \
 \\/  ___)| |_)| | | | | || (_| |  ) ) ) )
  '  |____| .__|_| |_|_| |_\__, | / / / /
 =========|_|==============|___/=/_/_/_/
 :: Spring Boot ::                (v2.7.2)

2022-09-22 13:25:31.618  INFO 35580 --- [           main] com.melson.files.FilesApplication        : Starting FilesApplication v0.0.1-SNAPSHOT using Java 17.0.4 on melson-System-Product-Name with PID 35580 (/root/Melson/WEB/Files/target/Files.jar started by root in /root/Melson/WEB/Files/target)
2022-09-22 13:25:31.621  INFO 35580 --- [           main] com.melson.files.FilesApplication        : No active profile set, falling back to 1 default profile: "default"
2022-09-22 13:25:31.905  INFO 35580 --- [           main] .s.d.r.c.RepositoryConfigurationDelegate : Multiple Spring Data modules found, entering strict repository configuration mode
2022-09-22 13:25:31.907  INFO 35580 --- [           main] .s.d.r.c.RepositoryConfigurationDelegate : Bootstrapping Spring Data Redis repositories in DEFAULT mode.
2022-09-22 13:25:31.919  INFO 35580 --- [           main] .s.d.r.c.RepositoryConfigurationDelegate : Finished Spring Data repository scanning in 4 ms. Found 0 Redis repository interfaces.
2022-09-22 13:25:32.154  INFO 35580 --- [           main] o.s.b.w.embedded.tomcat.TomcatWebServer  : Tomcat initialized with port(s): 80 (http)
2022-09-22 13:25:32.160  INFO 35580 --- [           main] o.apache.catalina.core.StandardService   : Starting service [Tomcat]
2022-09-22 13:25:32.160  INFO 35580 --- [           main] org.apache.catalina.core.StandardEngine  : Starting Servlet engine: [Apache Tomcat/9.0.65]
2022-09-22 13:25:32.197  INFO 35580 --- [           main] o.a.c.c.C.[Tomcat].[localhost].[/]       : Initializing Spring embedded WebApplicationContext
2022-09-22 13:25:32.198  INFO 35580 --- [           main] w.s.c.ServletWebServerApplicationContext : Root WebApplicationContext: initialization completed in 549 ms
2022-09-22 13:25:32.604  INFO 35580 --- [           main] o.s.b.w.embedded.tomcat.TomcatWebServer  : Tomcat started on port(s): 80 (http) with context path ''
2022-09-22 13:25:32.609  INFO 35580 --- [           main] com.melson.files.FilesApplication        : Started FilesApplication in 1.193 seconds (JVM running for 1.399)
2022-09-22 13:25:37.765  INFO 35580 --- [p-nio-80-exec-1] o.a.c.c.C.[Tomcat].[localhost].[/]       : Initializing Spring DispatcherServlet 'dispatcherServlet'
2022-09-22 13:25:37.765  INFO 35580 --- [p-nio-80-exec-1] o.s.web.servlet.DispatcherServlet        : Initializing Servlet 'dispatcherServlet'
2022-09-22 13:25:37.765  INFO 35580 --- [p-nio-80-exec-1] o.s.web.servlet.DispatcherServlet        : Completed initialization in 0 ms
hhhhhhh

  .   ____          _            __ _ _
 /\\ / ___'_ __ _ _(_)_ __  __ _ \ \ \ \
( ( )\___ | '_ | '_| | '_ \/ _` | \ \ \ \
 \\/  ___)| |_)| | | | | || (_| |  ) ) ) )
  '  |____| .__|_| |_|_| |_\__, | / / / /
 =========|_|==============|___/=/_/_/_/
 :: Spring Boot ::                (v2.7.2)

2022-09-26 08:37:36.263  INFO 4184 --- [           main] com.melson.files.FilesApplication        : Starting FilesApplication v0.0.1-SNAPSHOT using Java 17.0.4 on melson-System-Product-Name with PID 4184 (/root/Melson/WEB/Files/target/Files.jar started by root in /root/Melson/WEB/Files/target)
2022-09-26 08:37:36.264  INFO 4184 --- [           main] com.melson.files.FilesApplication        : No active profile set, falling back to 1 default profile: "default"
2022-09-26 08:37:36.552  INFO 4184 --- [           main] .s.d.r.c.RepositoryConfigurationDelegate : Multiple Spring Data modules found, entering strict repository configuration mode
2022-09-26 08:37:36.554  INFO 4184 --- [           main] .s.d.r.c.RepositoryConfigurationDelegate : Bootstrapping Spring Data Redis repositories in DEFAULT mode.
2022-09-26 08:37:36.567  INFO 4184 --- [           main] .s.d.r.c.RepositoryConfigurationDelegate : Finished Spring Data repository scanning in 4 ms. Found 0 Redis repository interfaces.
2022-09-26 08:37:36.818  INFO 4184 --- [           main] o.s.b.w.embedded.tomcat.TomcatWebServer  : Tomcat initialized with port(s): 80 (http)
2022-09-26 08:37:36.825  INFO 4184 --- [           main] o.apache.catalina.core.StandardService   : Starting service [Tomcat]
2022-09-26 08:37:36.826  INFO 4184 --- [           main] org.apache.catalina.core.StandardEngine  : Starting Servlet engine: [Apache Tomcat/9.0.65]
2022-09-26 08:37:36.864  INFO 4184 --- [           main] o.a.c.c.C.[Tomcat].[localhost].[/]       : Initializing Spring embedded WebApplicationContext
2022-09-26 08:37:36.864  INFO 4184 --- [           main] w.s.c.ServletWebServerApplicationContext : Root WebApplicationContext: initialization completed in 578 ms
2022-09-26 08:37:37.274  INFO 4184 --- [           main] o.s.b.w.embedded.tomcat.TomcatWebServer  : Tomcat started on port(s): 80 (http) with context path ''
2022-09-26 08:37:37.279  INFO 4184 --- [           main] com.melson.files.FilesApplication        : Started FilesApplication in 1.233 seconds (JVM running for 1.517)
2022-09-26 08:38:13.642  INFO 4184 --- [p-nio-80-exec-1] o.a.c.c.C.[Tomcat].[localhost].[/]       : Initializing Spring DispatcherServlet 'dispatcherServlet'
2022-09-26 08:38:13.642  INFO 4184 --- [p-nio-80-exec-1] o.s.web.servlet.DispatcherServlet        : Initializing Servlet 'dispatcherServlet'
2022-09-26 08:38:13.642  INFO 4184 --- [p-nio-80-exec-1] o.s.web.servlet.DispatcherServlet        : Completed initialization in 0 ms
hhhhhhh
当前用户已登录，登录的用户名为： admin
当前用户已登录，登录的用户名为： admin

  .   ____          _            __ _ _
 /\\ / ___'_ __ _ _(_)_ __  __ _ \ \ \ \
( ( )\___ | '_ | '_| | '_ \/ _` | \ \ \ \
 \\/  ___)| |_)| | | | | || (_| |  ) ) ) )
  '  |____| .__|_| |_|_| |_\__, | / / / /
 =========|_|==============|___/=/_/_/_/
 :: Spring Boot ::                (v2.7.2)

2022-09-28 10:52:50.603  INFO 15555 --- [           main] com.melson.files.FilesApplication        : Starting FilesApplication v0.0.1-SNAPSHOT using Java 17.0.4 on melson-System-Product-Name with PID 15555 (/root/Melson/WEB/Files/target/Files.jar started by root in /root/Melson/WEB/Files/target)
2022-09-28 10:52:50.604  INFO 15555 --- [           main] com.melson.files.FilesApplication        : No active profile set, falling back to 1 default profile: "default"
2022-09-28 10:52:50.901  INFO 15555 --- [           main] .s.d.r.c.RepositoryConfigurationDelegate : Multiple Spring Data modules found, entering strict repository configuration mode
2022-09-28 10:52:50.903  INFO 15555 --- [           main] .s.d.r.c.RepositoryConfigurationDelegate : Bootstrapping Spring Data Redis repositories in DEFAULT mode.
2022-09-28 10:52:50.916  INFO 15555 --- [           main] .s.d.r.c.RepositoryConfigurationDelegate : Finished Spring Data repository scanning in 4 ms. Found 0 Redis repository interfaces.
2022-09-28 10:52:51.174  INFO 15555 --- [           main] o.s.b.w.embedded.tomcat.TomcatWebServer  : Tomcat initialized with port(s): 80 (http)
2022-09-28 10:52:51.181  INFO 15555 --- [           main] o.apache.catalina.core.StandardService   : Starting service [Tomcat]
2022-09-28 10:52:51.181  INFO 15555 --- [           main] org.apache.catalina.core.StandardEngine  : Starting Servlet engine: [Apache Tomcat/9.0.65]
2022-09-28 10:52:51.222  INFO 15555 --- [           main] o.a.c.c.C.[Tomcat].[localhost].[/]       : Initializing Spring embedded WebApplicationContext
2022-09-28 10:52:51.222  INFO 15555 --- [           main] w.s.c.ServletWebServerApplicationContext : Root WebApplicationContext: initialization completed in 596 ms
2022-09-28 10:52:51.646  INFO 15555 --- [           main] o.s.b.w.embedded.tomcat.TomcatWebServer  : Tomcat started on port(s): 80 (http) with context path ''
2022-09-28 10:52:51.652  INFO 15555 --- [           main] com.melson.files.FilesApplication        : Started FilesApplication in 1.273 seconds (JVM running for 1.541)
2022-09-28 10:53:25.461  INFO 15555 --- [p-nio-80-exec-1] o.a.c.c.C.[Tomcat].[localhost].[/]       : Initializing Spring DispatcherServlet 'dispatcherServlet'
2022-09-28 10:53:25.461  INFO 15555 --- [p-nio-80-exec-1] o.s.web.servlet.DispatcherServlet        : Initializing Servlet 'dispatcherServlet'
2022-09-28 10:53:25.462  INFO 15555 --- [p-nio-80-exec-1] o.s.web.servlet.DispatcherServlet        : Completed initialization in 1 ms
hhhhhhh
当前用户已登录，登录的用户名为： admin
当前用户已登录，登录的用户名为： admin
2022-09-28 10:53:41.363 ERROR 15555 --- [p-nio-80-exec-5] o.a.c.c.C.[.[.[/].[dispatcherServlet]    : Servlet.service() for servlet [dispatcherServlet] in context with path [] threw exception [Request processing failed; nested exception is java.lang.NullPointerException: Cannot invoke "org.springframework.data.redis.core.RedisTemplate.opsForList()" because "this.redisTemplate" is null] with root cause

java.lang.NullPointerException: Cannot invoke "org.springframework.data.redis.core.RedisTemplate.opsForList()" because "this.redisTemplate" is null
	at com.melson.files.controller.MessageController.getMessages(MessageController.java:17) ~[classes!/:0.0.1-SNAPSHOT]
	at java.base/jdk.internal.reflect.NativeMethodAccessorImpl.invoke0(Native Method) ~[na:na]
	at java.base/jdk.internal.reflect.NativeMethodAccessorImpl.invoke(NativeMethodAccessorImpl.java:77) ~[na:na]
	at java.base/jdk.internal.reflect.DelegatingMethodAccessorImpl.invoke(DelegatingMethodAccessorImpl.java:43) ~[na:na]
	at java.base/java.lang.reflect.Method.invoke(Method.java:568) ~[na:na]
	at org.springframework.web.method.support.InvocableHandlerMethod.doInvoke(InvocableHandlerMethod.java:205) ~[spring-web-5.3.22.jar!/:5.3.22]
	at org.springframework.web.method.support.InvocableHandlerMethod.invokeForRequest(InvocableHandlerMethod.java:150) ~[spring-web-5.3.22.jar!/:5.3.22]
	at org.springframework.web.servlet.mvc.method.annotation.ServletInvocableHandlerMethod.invokeAndHandle(ServletInvocableHandlerMethod.java:117) ~[spring-webmvc-5.3.22.jar!/:5.3.22]
	at org.springframework.web.servlet.mvc.method.annotation.RequestMappingHandlerAdapter.invokeHandlerMethod(RequestMappingHandlerAdapter.java:895) ~[spring-webmvc-5.3.22.jar!/:5.3.22]
	at org.springframework.web.servlet.mvc.method.annotation.RequestMappingHandlerAdapter.handleInternal(RequestMappingHandlerAdapter.java:808) ~[spring-webmvc-5.3.22.jar!/:5.3.22]
	at org.springframework.web.servlet.mvc.method.AbstractHandlerMethodAdapter.handle(AbstractHandlerMethodAdapter.java:87) ~[spring-webmvc-5.3.22.jar!/:5.3.22]
	at org.springframework.web.servlet.DispatcherServlet.doDispatch(DispatcherServlet.java:1070) ~[spring-webmvc-5.3.22.jar!/:5.3.22]
	at org.springframework.web.servlet.DispatcherServlet.doService(DispatcherServlet.java:963) ~[spring-webmvc-5.3.22.jar!/:5.3.22]
	at org.springframework.web.servlet.FrameworkServlet.processRequest(FrameworkServlet.java:1006) ~[spring-webmvc-5.3.22.jar!/:5.3.22]
	at org.springframework.web.servlet.FrameworkServlet.doGet(FrameworkServlet.java:898) ~[spring-webmvc-5.3.22.jar!/:5.3.22]
	at javax.servlet.http.HttpServlet.service(HttpServlet.java:655) ~[tomcat-embed-core-9.0.65.jar!/:na]
	at org.springframework.web.servlet.FrameworkServlet.service(FrameworkServlet.java:883) ~[spring-webmvc-5.3.22.jar!/:5.3.22]
	at javax.servlet.http.HttpServlet.service(HttpServlet.java:764) ~[tomcat-embed-core-9.0.65.jar!/:na]
	at org.apache.catalina.core.ApplicationFilterChain.internalDoFilter(ApplicationFilterChain.java:227) ~[tomcat-embed-core-9.0.65.jar!/:na]
	at org.apache.catalina.core.ApplicationFilterChain.doFilter(ApplicationFilterChain.java:162) ~[tomcat-embed-core-9.0.65.jar!/:na]
	at org.apache.tomcat.websocket.server.WsFilter.doFilter(WsFilter.java:53) ~[tomcat-embed-websocket-9.0.65.jar!/:na]
	at org.apache.catalina.core.ApplicationFilterChain.internalDoFilter(ApplicationFilterChain.java:189) ~[tomcat-embed-core-9.0.65.jar!/:na]
	at org.apache.catalina.core.ApplicationFilterChain.doFilter(ApplicationFilterChain.java:162) ~[tomcat-embed-core-9.0.65.jar!/:na]
	at org.springframework.web.filter.RequestContextFilter.doFilterInternal(RequestContextFilter.java:100) ~[spring-web-5.3.22.jar!/:5.3.22]
	at org.springframework.web.filter.OncePerRequestFilter.doFilter(OncePerRequestFilter.java:117) ~[spring-web-5.3.22.jar!/:5.3.22]
	at org.apache.catalina.core.ApplicationFilterChain.internalDoFilter(ApplicationFilterChain.java:189) ~[tomcat-embed-core-9.0.65.jar!/:na]
	at org.apache.catalina.core.ApplicationFilterChain.doFilter(ApplicationFilterChain.java:162) ~[tomcat-embed-core-9.0.65.jar!/:na]
	at org.springframework.web.filter.FormContentFilter.doFilterInternal(FormContentFilter.java:93) ~[spring-web-5.3.22.jar!/:5.3.22]
	at org.springframework.web.filter.OncePerRequestFilter.doFilter(OncePerRequestFilter.java:117) ~[spring-web-5.3.22.jar!/:5.3.22]
	at org.apache.catalina.core.ApplicationFilterChain.internalDoFilter(ApplicationFilterChain.java:189) ~[tomcat-embed-core-9.0.65.jar!/:na]
	at org.apache.catalina.core.ApplicationFilterChain.doFilter(ApplicationFilterChain.java:162) ~[tomcat-embed-core-9.0.65.jar!/:na]
	at org.springframework.web.filter.CharacterEncodingFilter.doFilterInternal(CharacterEncodingFilter.java:201) ~[spring-web-5.3.22.jar!/:5.3.22]
	at org.springframework.web.filter.OncePerRequestFilter.doFilter(OncePerRequestFilter.java:117) ~[spring-web-5.3.22.jar!/:5.3.22]
	at org.apache.catalina.core.ApplicationFilterChain.internalDoFilter(ApplicationFilterChain.java:189) ~[tomcat-embed-core-9.0.65.jar!/:na]
	at org.apache.catalina.core.ApplicationFilterChain.doFilter(ApplicationFilterChain.java:162) ~[tomcat-embed-core-9.0.65.jar!/:na]
	at org.apache.catalina.core.StandardWrapperValve.invoke(StandardWrapperValve.java:197) ~[tomcat-embed-core-9.0.65.jar!/:na]
	at org.apache.catalina.core.StandardContextValve.invoke(StandardContextValve.java:97) ~[tomcat-embed-core-9.0.65.jar!/:na]
	at org.apache.catalina.authenticator.AuthenticatorBase.invoke(AuthenticatorBase.java:541) ~[tomcat-embed-core-9.0.65.jar!/:na]
	at org.apache.catalina.core.StandardHostValve.invoke(StandardHostValve.java:135) ~[tomcat-embed-core-9.0.65.jar!/:na]
	at org.apache.catalina.valves.ErrorReportValve.invoke(ErrorReportValve.java:92) ~[tomcat-embed-core-9.0.65.jar!/:na]
	at org.apache.catalina.core.StandardEngineValve.invoke(StandardEngineValve.java:78) ~[tomcat-embed-core-9.0.65.jar!/:na]
	at org.apache.catalina.connector.CoyoteAdapter.service(CoyoteAdapter.java:360) ~[tomcat-embed-core-9.0.65.jar!/:na]
	at org.apache.coyote.http11.Http11Processor.service(Http11Processor.java:399) ~[tomcat-embed-core-9.0.65.jar!/:na]
	at org.apache.coyote.AbstractProcessorLight.process(AbstractProcessorLight.java:65) ~[tomcat-embed-core-9.0.65.jar!/:na]
	at org.apache.coyote.AbstractProtocol$ConnectionHandler.process(AbstractProtocol.java:890) ~[tomcat-embed-core-9.0.65.jar!/:na]
	at org.apache.tomcat.util.net.NioEndpoint$SocketProcessor.doRun(NioEndpoint.java:1789) ~[tomcat-embed-core-9.0.65.jar!/:na]
	at org.apache.tomcat.util.net.SocketProcessorBase.run(SocketProcessorBase.java:49) ~[tomcat-embed-core-9.0.65.jar!/:na]
	at org.apache.tomcat.util.threads.ThreadPoolExecutor.runWorker(ThreadPoolExecutor.java:1191) ~[tomcat-embed-core-9.0.65.jar!/:na]
	at org.apache.tomcat.util.threads.ThreadPoolExecutor$Worker.run(ThreadPoolExecutor.java:659) ~[tomcat-embed-core-9.0.65.jar!/:na]
	at org.apache.tomcat.util.threads.TaskThread$WrappingRunnable.run(TaskThread.java:61) ~[tomcat-embed-core-9.0.65.jar!/:na]
	at java.base/java.lang.Thread.run(Thread.java:833) ~[na:na]

2022-09-28 10:53:41.398  INFO 15555 --- [-nio-80-exec-10] com.melson.files.controller.WebSocket    : 【websocket消息】有新的连接，总数为:1
2022-09-28 10:54:06.860 ERROR 15555 --- [p-nio-80-exec-4] com.melson.files.controller.WebSocket    : 用户错误,原因:Connection reset
java.net.SocketException: Connection reset
	at java.base/sun.nio.ch.SocketChannelImpl.throwConnectionReset(SocketChannelImpl.java:394)
	at java.base/sun.nio.ch.SocketChannelImpl.read(SocketChannelImpl.java:426)
	at org.apache.tomcat.util.net.NioChannel.read(NioChannel.java:160)
	at org.apache.tomcat.util.net.NioEndpoint$NioSocketWrapper.fillReadBuffer(NioEndpoint.java:1338)
	at org.apache.tomcat.util.net.NioEndpoint$NioSocketWrapper.read(NioEndpoint.java:1227)
	at org.apache.tomcat.websocket.server.WsFrameServer.onDataAvailable(WsFrameServer.java:75)
	at org.apache.tomcat.websocket.server.WsFrameServer.doOnDataAvailable(WsFrameServer.java:183)
	at org.apache.tomcat.websocket.server.WsFrameServer.notifyDataAvailable(WsFrameServer.java:162)
	at org.apache.tomcat.websocket.server.WsHttpUpgradeHandler.upgradeDispatch(WsHttpUpgradeHandler.java:157)
	at org.apache.coyote.http11.upgrade.UpgradeProcessorInternal.dispatch(UpgradeProcessorInternal.java:60)
	at org.apache.coyote.AbstractProcessorLight.process(AbstractProcessorLight.java:59)
	at org.apache.coyote.AbstractProtocol$ConnectionHandler.process(AbstractProtocol.java:890)
	at org.apache.tomcat.util.net.NioEndpoint$SocketProcessor.doRun(NioEndpoint.java:1789)
	at org.apache.tomcat.util.net.SocketProcessorBase.run(SocketProcessorBase.java:49)
	at org.apache.tomcat.util.threads.ThreadPoolExecutor.runWorker(ThreadPoolExecutor.java:1191)
	at org.apache.tomcat.util.threads.ThreadPoolExecutor$Worker.run(ThreadPoolExecutor.java:659)
	at org.apache.tomcat.util.threads.TaskThread$WrappingRunnable.run(TaskThread.java:61)
	at java.base/java.lang.Thread.run(Thread.java:833)
2022-09-28 10:54:06.878  INFO 15555 --- [p-nio-80-exec-4] com.melson.files.controller.WebSocket    : 【websocket消息】连接断开，总数为:0

  .   ____          _            __ _ _
 /\\ / ___'_ __ _ _(_)_ __  __ _ \ \ \ \
( ( )\___ | '_ | '_| | '_ \/ _` | \ \ \ \
 \\/  ___)| |_)| | | | | || (_| |  ) ) ) )
  '  |____| .__|_| |_|_| |_\__, | / / / /
 =========|_|==============|___/=/_/_/_/
 :: Spring Boot ::                (v2.7.2)

2022-10-27 08:46:57.016  INFO 9273 --- [           main] com.melson.files.FilesApplication        : Starting FilesApplication v0.0.1-SNAPSHOT using Java 17.0.4 on melson-System-Product-Name with PID 9273 (/root/Melson/WEB/Files/target/Files.jar started by root in /root/Melson/WEB/Files/target)
2022-10-27 08:46:57.017  INFO 9273 --- [           main] com.melson.files.FilesApplication        : No active profile set, falling back to 1 default profile: "default"
2022-10-27 08:46:57.291  INFO 9273 --- [           main] .s.d.r.c.RepositoryConfigurationDelegate : Multiple Spring Data modules found, entering strict repository configuration mode
2022-10-27 08:46:57.293  INFO 9273 --- [           main] .s.d.r.c.RepositoryConfigurationDelegate : Bootstrapping Spring Data Redis repositories in DEFAULT mode.
2022-10-27 08:46:57.305  INFO 9273 --- [           main] .s.d.r.c.RepositoryConfigurationDelegate : Finished Spring Data repository scanning in 4 ms. Found 0 Redis repository interfaces.
2022-10-27 08:46:57.561  INFO 9273 --- [           main] o.s.b.w.embedded.tomcat.TomcatWebServer  : Tomcat initialized with port(s): 80 (http)
2022-10-27 08:46:57.568  INFO 9273 --- [           main] o.apache.catalina.core.StandardService   : Starting service [Tomcat]
2022-10-27 08:46:57.568  INFO 9273 --- [           main] org.apache.catalina.core.StandardEngine  : Starting Servlet engine: [Apache Tomcat/9.0.65]
2022-10-27 08:46:57.609  INFO 9273 --- [           main] o.a.c.c.C.[Tomcat].[localhost].[/]       : Initializing Spring embedded WebApplicationContext
2022-10-27 08:46:57.609  INFO 9273 --- [           main] w.s.c.ServletWebServerApplicationContext : Root WebApplicationContext: initialization completed in 570 ms
2022-10-27 08:46:57.794  INFO 9273 --- [           main] f.a.AutowiredAnnotationBeanPostProcessor : Autowired annotation is not supported on static fields: private static org.springframework.data.redis.core.RedisTemplate com.melson.files.Utils.RedisCacheUtil.redisTemplate
2022-10-27 08:46:58.018  INFO 9273 --- [           main] o.s.b.w.embedded.tomcat.TomcatWebServer  : Tomcat started on port(s): 80 (http) with context path ''
2022-10-27 08:46:58.024  INFO 9273 --- [           main] com.melson.files.FilesApplication        : Started FilesApplication in 1.223 seconds (JVM running for 1.476)

  .   ____          _            __ _ _
 /\\ / ___'_ __ _ _(_)_ __  __ _ \ \ \ \
( ( )\___ | '_ | '_| | '_ \/ _` | \ \ \ \
 \\/  ___)| |_)| | | | | || (_| |  ) ) ) )
  '  |____| .__|_| |_|_| |_\__, | / / / /
 =========|_|==============|___/=/_/_/_/
 :: Spring Boot ::                (v2.7.2)

2022-10-27 08:47:15.775  INFO 9587 --- [           main] com.melson.files.FilesApplication        : Starting FilesApplication v0.0.1-SNAPSHOT using Java 17.0.4 on melson-System-Product-Name with PID 9587 (/root/Melson/WEB/Files/target/Files.jar started by root in /root/Melson/WEB/Files/target)
2022-10-27 08:47:15.776  INFO 9587 --- [           main] com.melson.files.FilesApplication        : No active profile set, falling back to 1 default profile: "default"
2022-10-27 08:47:16.047  INFO 9587 --- [           main] .s.d.r.c.RepositoryConfigurationDelegate : Multiple Spring Data modules found, entering strict repository configuration mode
2022-10-27 08:47:16.048  INFO 9587 --- [           main] .s.d.r.c.RepositoryConfigurationDelegate : Bootstrapping Spring Data Redis repositories in DEFAULT mode.
2022-10-27 08:47:16.061  INFO 9587 --- [           main] .s.d.r.c.RepositoryConfigurationDelegate : Finished Spring Data repository scanning in 4 ms. Found 0 Redis repository interfaces.
2022-10-27 08:47:16.295  INFO 9587 --- [           main] o.s.b.w.embedded.tomcat.TomcatWebServer  : Tomcat initialized with port(s): 80 (http)
2022-10-27 08:47:16.301  INFO 9587 --- [           main] o.apache.catalina.core.StandardService   : Starting service [Tomcat]
2022-10-27 08:47:16.301  INFO 9587 --- [           main] org.apache.catalina.core.StandardEngine  : Starting Servlet engine: [Apache Tomcat/9.0.65]
2022-10-27 08:47:16.340  INFO 9587 --- [           main] o.a.c.c.C.[Tomcat].[localhost].[/]       : Initializing Spring embedded WebApplicationContext
2022-10-27 08:47:16.340  INFO 9587 --- [           main] w.s.c.ServletWebServerApplicationContext : Root WebApplicationContext: initialization completed in 543 ms
2022-10-27 08:47:16.519  INFO 9587 --- [           main] f.a.AutowiredAnnotationBeanPostProcessor : Autowired annotation is not supported on static fields: private static org.springframework.data.redis.core.RedisTemplate com.melson.files.Utils.RedisCacheUtil.redisTemplate
2022-10-27 08:47:16.743  INFO 9587 --- [           main] o.s.b.w.embedded.tomcat.TomcatWebServer  : Tomcat started on port(s): 80 (http) with context path ''
2022-10-27 08:47:16.748  INFO 9587 --- [           main] com.melson.files.FilesApplication        : Started FilesApplication in 1.164 seconds (JVM running for 1.353)
2022-10-27 08:48:20.447  INFO 9587 --- [p-nio-80-exec-1] o.a.c.c.C.[Tomcat].[localhost].[/]       : Initializing Spring DispatcherServlet 'dispatcherServlet'
2022-10-27 08:48:20.447  INFO 9587 --- [p-nio-80-exec-1] o.s.web.servlet.DispatcherServlet        : Initializing Servlet 'dispatcherServlet'
2022-10-27 08:48:20.448  INFO 9587 --- [p-nio-80-exec-1] o.s.web.servlet.DispatcherServlet        : Completed initialization in 0 ms
hhhhhhh
当前用户已登录，登录的用户名为： admin
当前用户已登录，登录的用户名为： admin
2022-10-27 08:48:43.610  INFO 9587 --- [p-nio-80-exec-4] com.melson.files.controller.WebSocket    : 【websocket消息】有新的连接，总数为:1
2022-10-27 08:48:52.455  INFO 9587 --- [-nio-80-exec-10] com.melson.files.controller.WebSocket    : 【websocket消息】广播消息:
收到消息Message(userIP=218.75.87.37, message=1234567, time=Thu, 27 Oct 2022 00:48:52 GMT)
{"userIP":"218.75.87.37","time":"Thu, 27 Oct 2022 00:48:52 GMT","message":"1234567"}
2022-10-27 08:48:55.216  INFO 9587 --- [p-nio-80-exec-1] com.melson.files.controller.WebSocket    : 【websocket消息】广播消息:
当前用户已登录，登录的用户名为： admin
2022-10-27 08:49:02.680  INFO 9587 --- [p-nio-80-exec-3] com.melson.files.controller.WebSocket    : 【websocket消息】连接断开，总数为:0
2022-10-27 08:49:02.960  INFO 9587 --- [p-nio-80-exec-7] com.melson.files.controller.WebSocket    : 【websocket消息】有新的连接，总数为:1
2022-10-27 08:49:09.990  INFO 9587 --- [p-nio-80-exec-5] com.melson.files.controller.WebSocket    : 【websocket消息】连接断开，总数为:0
当前用户已登录，登录的用户名为： admin
2022-10-27 08:49:10.275  INFO 9587 --- [p-nio-80-exec-7] com.melson.files.controller.WebSocket    : 【websocket消息】有新的连接，总数为:1
2022-10-27 08:49:16.138  INFO 9587 --- [p-nio-80-exec-1] com.melson.files.controller.WebSocket    : 【websocket消息】连接断开，总数为:0
hhhhhhh
当前用户已登录，登录的用户名为： admin
2022-10-27 09:22:29.598  INFO 9587 --- [p-nio-80-exec-7] com.melson.files.controller.WebSocket    : 【websocket消息】有新的连接，总数为:1
2022-10-27 09:23:04.584  INFO 9587 --- [p-nio-80-exec-3] com.melson.files.controller.WebSocket    : 【websocket消息】连接断开，总数为:0
hhhhhhh
